<?xml version="1.0" encoding="UTF-8"?>
<!-- Generated by org.testng.reporters.JUnitXMLReporter -->
<testsuite ignored="0" hostname="DESKTOP-79R0UBN" failures="0" tests="5" name="Test" time="0.041" errors="0" timestamp="2022-08-28T14:54:14 IST">
  <testcase classname="Scripts.Test4" name="test4" time="0.005"/>
  <testcase classname="Scripts.Test5" name="test5" time="0.001"/>
  <testcase classname="Scripts.Test2" name="test1" time="0.0"/>
  <testcase classname="Scripts.Test3" name="test1" time="0.001"/>
  <testcase classname="Scripts.Test1" name="test1" time="0.001"/>
</testsuite> <!-- Test -->
