<?xml version="1.0" encoding="UTF-8"?>
<testng-results ignored="0" total="3" passed="3" failed="0" skipped="0">
  <reporter-output>
    <line>
      <![CDATA[Hi Happy]]>
    </line>
    <line>
      <![CDATA[Hi Sujit]]>
    </line>
    <line>
      <![CDATA[Hi debashish]]>
    </line>
  </reporter-output>
  <suite started-at="2022-08-28T14:17:45 IST" name="Suite" finished-at="2022-08-28T14:17:45 IST" duration-ms="50">
    <groups>
    </groups>
    <test started-at="2022-08-28T14:17:45 IST" name="Test" finished-at="2022-08-28T14:17:45 IST" duration-ms="50">
      <class name="Scripts.Test1">
        <test-method signature="test1()[pri:0, instance:Scripts.Test1@1fb700ee]" started-at="2022-08-28T14:17:45 IST" name="test1" finished-at="2022-08-28T14:17:45 IST" duration-ms="1" status="PASS">
          <reporter-output>
            <line>
              <![CDATA[Hi debashish]]>
            </line>
          </reporter-output>
        </test-method> <!-- test1 -->
      </class> <!-- Scripts.Test1 -->
      <class name="Scripts.Test2">
        <test-method signature="test1()[pri:0, instance:Scripts.Test2@53aad5d5]" started-at="2022-08-28T14:17:45 IST" name="test1" finished-at="2022-08-28T14:17:45 IST" duration-ms="8" status="PASS">
          <reporter-output>
            <line>
              <![CDATA[Hi Happy]]>
            </line>
          </reporter-output>
        </test-method> <!-- test1 -->
      </class> <!-- Scripts.Test2 -->
      <class name="Scripts.Test3">
        <test-method signature="test1()[pri:0, instance:Scripts.Test3@46fa7c39]" started-at="2022-08-28T14:17:45 IST" name="test1" finished-at="2022-08-28T14:17:45 IST" duration-ms="1" status="PASS">
          <reporter-output>
            <line>
              <![CDATA[Hi Sujit]]>
            </line>
          </reporter-output>
        </test-method> <!-- test1 -->
      </class> <!-- Scripts.Test3 -->
    </test> <!-- Test -->
  </suite> <!-- Suite -->
</testng-results>
