<?xml version="1.0" encoding="UTF-8"?>
<testng-results ignored="0" total="5" passed="5" failed="0" skipped="0">
  <reporter-output>
    <line>
      <![CDATA[Hi there]]>
    </line>
    <line>
      <![CDATA[Hi sir]]>
    </line>
    <line>
      <![CDATA[Hi Happy]]>
    </line>
    <line>
      <![CDATA[Hi Sujit]]>
    </line>
    <line>
      <![CDATA[Hi debashish]]>
    </line>
  </reporter-output>
  <suite started-at="2022-08-28T14:54:14 IST" name="Suite" finished-at="2022-08-28T14:54:14 IST" duration-ms="41">
    <groups>
    </groups>
    <test started-at="2022-08-28T14:54:14 IST" name="Test" finished-at="2022-08-28T14:54:14 IST" duration-ms="41">
      <class name="Scripts.Test1">
        <test-method signature="test1()[pri:0, instance:Scripts.Test1@68e965f5]" started-at="2022-08-28T14:54:14 IST" name="test1" finished-at="2022-08-28T14:54:14 IST" duration-ms="1" status="PASS">
          <reporter-output>
            <line>
              <![CDATA[Hi debashish]]>
            </line>
          </reporter-output>
        </test-method> <!-- test1 -->
      </class> <!-- Scripts.Test1 -->
      <class name="Scripts.Test2">
        <test-method signature="test1()[pri:0, instance:Scripts.Test2@8317c52]" started-at="2022-08-28T14:54:14 IST" name="test1" finished-at="2022-08-28T14:54:14 IST" duration-ms="0" status="PASS">
          <reporter-output>
            <line>
              <![CDATA[Hi Happy]]>
            </line>
          </reporter-output>
        </test-method> <!-- test1 -->
      </class> <!-- Scripts.Test2 -->
      <class name="Scripts.Test3">
        <test-method signature="test1()[pri:0, instance:Scripts.Test3@76f2bbc1]" started-at="2022-08-28T14:54:14 IST" name="test1" finished-at="2022-08-28T14:54:14 IST" duration-ms="1" status="PASS">
          <reporter-output>
            <line>
              <![CDATA[Hi Sujit]]>
            </line>
          </reporter-output>
        </test-method> <!-- test1 -->
      </class> <!-- Scripts.Test3 -->
      <class name="Scripts.Test4">
        <test-method signature="test4()[pri:0, instance:Scripts.Test4@5f683daf]" started-at="2022-08-28T14:54:14 IST" name="test4" finished-at="2022-08-28T14:54:14 IST" duration-ms="5" status="PASS">
          <reporter-output>
            <line>
              <![CDATA[Hi there]]>
            </line>
          </reporter-output>
        </test-method> <!-- test4 -->
      </class> <!-- Scripts.Test4 -->
      <class name="Scripts.Test5">
        <test-method signature="test5()[pri:0, instance:Scripts.Test5@78ffe6dc]" started-at="2022-08-28T14:54:14 IST" name="test5" finished-at="2022-08-28T14:54:14 IST" duration-ms="1" status="PASS">
          <reporter-output>
            <line>
              <![CDATA[Hi sir]]>
            </line>
          </reporter-output>
        </test-method> <!-- test5 -->
      </class> <!-- Scripts.Test5 -->
    </test> <!-- Test -->
  </suite> <!-- Suite -->
</testng-results>
